<?xml version="1.0" encoding="UTF-8"?>
<!-- Generated by org.testng.reporters.JUnitXMLReporter -->
<testsuite ignored="0" hostname="NODE1151" failures="4" tests="4" name="Test" time="0.114" errors="0" timestamp="2022-06-16T10:59:22 IST">
  <testcase classname="com.swaglabs.testcases.Homepage" name="@AfterTest teardown" time="0.008">
    <failure type="java.lang.NullPointerException" message="Cannot invoke &amp;quot;org.openqa.selenium.WebDriver.close()&amp;quot; because &amp;quot;this.driver&amp;quot; is null">
      <![CDATA[java.lang.NullPointerException: Cannot invoke "org.openqa.selenium.WebDriver.close()" because "this.driver" is null
at com.swaglabs.testcases.Homepage.teardown(Homepage.java:52)
... Removed 24 stack frames]]>
    </failure>
  </testcase> <!-- @AfterTest teardown -->
  <testcase classname="com.swaglabs.testcases.Homepage" name="basepagenavigation" time="0.008">
    <failure type="java.io.FileNotFoundException" message="C:\Users\taj\eclipse-workspace\Training\Selenium-project\src\main\java\com\Selenium\base\data.properties (The system cannot find the path specified)">
      <![CDATA[java.io.FileNotFoundException: C:\Users\taj\eclipse-workspace\Training\Selenium-project\src\main\java\com\Selenium\base\data.properties (The system cannot find the path specified)
at java.base/java.io.FileInputStream.open0(Native Method)
at java.base/java.io.FileInputStream.open(FileInputStream.java:216)
at java.base/java.io.FileInputStream.<init>(FileInputStream.java:157)
at java.base/java.io.FileInputStream.<init>(FileInputStream.java:111)
at com.swaglabs.base.Baseclass.initializeDriver(Baseclass.java:20)
at com.swaglabs.testcases.Homepage.basepagenavigation(Homepage.java:23)
at java.base/java.util.ArrayList.forEach(ArrayList.java:1511)
... Removed 27 stack frames]]>
    </failure>
  </testcase> <!-- basepagenavigation -->
  <testcase classname="com.swaglabs.testcases.Homepage" name="basepagenavigation" time="0.001">
    <failure type="java.io.FileNotFoundException" message="C:\Users\taj\eclipse-workspace\Training\Selenium-project\src\main\java\com\Selenium\base\data.properties (The system cannot find the path specified)">
      <![CDATA[java.io.FileNotFoundException: C:\Users\taj\eclipse-workspace\Training\Selenium-project\src\main\java\com\Selenium\base\data.properties (The system cannot find the path specified)
at java.base/java.io.FileInputStream.open0(Native Method)
at java.base/java.io.FileInputStream.open(FileInputStream.java:216)
at java.base/java.io.FileInputStream.<init>(FileInputStream.java:157)
at java.base/java.io.FileInputStream.<init>(FileInputStream.java:111)
at com.swaglabs.base.Baseclass.initializeDriver(Baseclass.java:20)
at com.swaglabs.testcases.Homepage.basepagenavigation(Homepage.java:23)
at java.base/java.util.ArrayList.forEach(ArrayList.java:1511)
... Removed 27 stack frames]]>
    </failure>
  </testcase> <!-- basepagenavigation -->
  <testcase classname="com.swaglabs.testcases.Homepage" name="basepagenavigation" time="0.002">
    <failure type="java.io.FileNotFoundException" message="C:\Users\taj\eclipse-workspace\Training\Selenium-project\src\main\java\com\Selenium\base\data.properties (The system cannot find the path specified)">
      <![CDATA[java.io.FileNotFoundException: C:\Users\taj\eclipse-workspace\Training\Selenium-project\src\main\java\com\Selenium\base\data.properties (The system cannot find the path specified)
at java.base/java.io.FileInputStream.open0(Native Method)
at java.base/java.io.FileInputStream.open(FileInputStream.java:216)
at java.base/java.io.FileInputStream.<init>(FileInputStream.java:157)
at java.base/java.io.FileInputStream.<init>(FileInputStream.java:111)
at com.swaglabs.base.Baseclass.initializeDriver(Baseclass.java:20)
at com.swaglabs.testcases.Homepage.basepagenavigation(Homepage.java:23)
at java.base/java.util.ArrayList.forEach(ArrayList.java:1511)
... Removed 27 stack frames]]>
    </failure>
  </testcase> <!-- basepagenavigation -->
  <testcase classname="com.swaglabs.testcases.Homepage" name="basepagenavigation" time="0.001">
    <failure type="java.io.FileNotFoundException" message="C:\Users\taj\eclipse-workspace\Training\Selenium-project\src\main\java\com\Selenium\base\data.properties (The system cannot find the path specified)">
      <![CDATA[java.io.FileNotFoundException: C:\Users\taj\eclipse-workspace\Training\Selenium-project\src\main\java\com\Selenium\base\data.properties (The system cannot find the path specified)
at java.base/java.io.FileInputStream.open0(Native Method)
at java.base/java.io.FileInputStream.open(FileInputStream.java:216)
at java.base/java.io.FileInputStream.<init>(FileInputStream.java:157)
at java.base/java.io.FileInputStream.<init>(FileInputStream.java:111)
at com.swaglabs.base.Baseclass.initializeDriver(Baseclass.java:20)
at com.swaglabs.testcases.Homepage.basepagenavigation(Homepage.java:23)
at java.base/java.util.ArrayList.forEach(ArrayList.java:1511)
... Removed 27 stack frames]]>
    </failure>
  </testcase> <!-- basepagenavigation -->
</testsuite> <!-- Test -->
